<?xml version="1.0" encoding="UTF-8"?>
<!-- Generated by org.testng.reporters.JUnitReportReporter -->
<testsuite hostname="srinivas" name="com.fusion.seleniun.NewTest" tests="1" failures="0" timestamp="26 Sep 2016 11:27:12 GMT" time="0.275" errors="0">
  <testcase name="test2" time="0.275" classname="com.fusion.seleniun.NewTest"/>
</testsuite> <!-- com.fusion.seleniun.NewTest -->
