<?xml version="1.0" encoding="UTF-8"?>
<!-- Generated by org.testng.reporters.JUnitReportReporter -->
<testsuite hostname="srinivas" name="com.fusion.seleniun.Test2" tests="1" failures="0" timestamp="25 Sep 2016 05:40:25 GMT" time="49.221" errors="0">
  <testcase name="testing" time="49.221" classname="com.fusion.seleniun.Test2"/>
</testsuite> <!-- com.fusion.seleniun.Test2 -->
