<?xml version="1.0" encoding="UTF-8"?>
<!-- Generated by org.testng.reporters.JUnitReportReporter -->
<testsuite hostname="srinivas" name="com.fusion.seleniun.gmailLogin" tests="3" failures="0" timestamp="9 Oct 2016 00:43:12 GMT" time="39.850" errors="0">
  <testcase name="Test_gmailLogin" time="6.047" classname="com.fusion.seleniun.gmailLogin"/>
  <testcase name="Test_RefreshGmail" time="4.061" classname="com.fusion.seleniun.gmailLogin"/>
  <testcase name="Test_gmailLogOut" time="29.742" classname="com.fusion.seleniun.gmailLogin"/>
</testsuite> <!-- com.fusion.seleniun.gmailLogin -->
