<?xml version="1.0" encoding="UTF-8"?>
<!-- Generated by org.testng.reporters.JUnitReportReporter -->
<testsuite hostname="srinivas" name="com.fusion.seleniun.NewTest" tests="1" failures="0" timestamp="25 Sep 2016 07:06:32 GMT" time="0.503" errors="0">
  <testcase name="test2" time="0.503" classname="com.fusion.seleniun.NewTest"/>
</testsuite> <!-- com.fusion.seleniun.NewTest -->
