<?xml version="1.0" encoding="UTF-8"?>
<!-- Generated by org.testng.reporters.JUnitReportReporter -->
<testsuite hostname="srinivas" name="com.fusion.seleniun.UserInterations" tests="1" failures="0" timestamp="4 Oct 2016 08:55:02 GMT" time="1.536" errors="0">
  <testcase name="DragNdrop" time="1.536" classname="com.fusion.seleniun.UserInterations"/>
</testsuite> <!-- com.fusion.seleniun.UserInterations -->
