<?xml version="1.0" encoding="UTF-8"?>
<!-- Generated by org.testng.reporters.JUnitReportReporter -->
<testsuite hostname="srinivas" name="com.fusion.seleniun.gmailLogin" tests="3" failures="0" timestamp="16 Oct 2016 13:14:22 GMT" time="22.722" errors="0">
  <testcase name="Test_gmailLogin" time="4.460" classname="com.fusion.seleniun.gmailLogin"/>
  <testcase name="Test_RefreshGmail" time="2.982" classname="com.fusion.seleniun.gmailLogin"/>
  <testcase name="Test_gmailLogOut" time="15.280" classname="com.fusion.seleniun.gmailLogin"/>
</testsuite> <!-- com.fusion.seleniun.gmailLogin -->
